<?xml version="1.0" encoding="UTF-8"?>
<testng-results ignored="0" total="2" passed="2" failed="0" skipped="0">
  <reporter-output>
  </reporter-output>
  <suite started-at="2021-09-12T23:22:09 EET" name="Default suite" finished-at="2021-09-12T23:22:20 EET" duration-ms="11500">
    <groups>
    </groups>
    <test started-at="2021-09-12T23:22:09 EET" name="Default test" finished-at="2021-09-12T23:22:20 EET" duration-ms="11500">
      <class name="euromsgDemoProject.KaydedilenlerTest">
        <test-method is-config="true" signature="setUpTest()[pri:0, instance:euromsgDemoProject.KaydedilenlerTest@1e0b4072]" started-at="2021-09-12T23:22:09 EET" name="setUpTest" finished-at="2021-09-12T23:22:13 EET" duration-ms="4520" status="PASS">
          <reporter-output>
          </reporter-output>
        </test-method> <!-- setUpTest -->
        <test-method is-config="true" signature="üyeOl()[pri:0, instance:euromsgDemoProject.KaydedilenlerTest@1e0b4072]" started-at="2021-09-12T23:22:13 EET" name="üyeOl" finished-at="2021-09-12T23:22:16 EET" duration-ms="2853" status="PASS">
          <reporter-output>
          </reporter-output>
        </test-method> <!-- üyeOl -->
        <test-method signature="üyeEkle(java.lang.String,java.lang.String,java.lang.String)[pri:0, instance:euromsgDemoProject.KaydedilenlerTest@1e0b4072]" started-at="2021-09-12T23:22:17 EET" name="üyeEkle" data-provider="test2data" finished-at="2021-09-12T23:22:19 EET" duration-ms="1777" status="PASS">
          <params>
            <param index="0">
              <value>
                <![CDATA[testAd]]>
              </value>
            </param>
            <param index="1">
              <value>
                <![CDATA[testSoyad]]>
              </value>
            </param>
            <param index="2">
              <value>
                <![CDATA[deneme@gmail.com]]>
              </value>
            </param>
          </params>
          <reporter-output>
          </reporter-output>
        </test-method> <!-- üyeEkle -->
        <test-method signature="üyeEkle(java.lang.String,java.lang.String,java.lang.String)[pri:0, instance:euromsgDemoProject.KaydedilenlerTest@1e0b4072]" started-at="2021-09-12T23:22:19 EET" name="üyeEkle" data-provider="test2data" finished-at="2021-09-12T23:22:20 EET" duration-ms="1668" status="PASS">
          <params>
            <param index="0">
              <value>
                <![CDATA[deneme1]]>
              </value>
            </param>
            <param index="1">
              <value>
                <![CDATA[deneme2]]>
              </value>
            </param>
            <param index="2">
              <value>
                <![CDATA[test@gmail.com]]>
              </value>
            </param>
          </params>
          <reporter-output>
          </reporter-output>
        </test-method> <!-- üyeEkle -->
        <test-method is-config="true" signature="sonuc()[pri:0, instance:euromsgDemoProject.KaydedilenlerTest@1e0b4072]" started-at="2021-09-12T23:22:20 EET" name="sonuc" finished-at="2021-09-12T23:22:20 EET" duration-ms="0" status="FAIL">
          <exception class="java.lang.IllegalStateException">
            <message>
              <![CDATA[No reporters were started. Atleast 1 reporter must be started to flush results.]]>
            </message>
            <full-stacktrace>
              <![CDATA[java.lang.IllegalStateException: No reporters were started. Atleast 1 reporter must be started to flush results.
at com.aventstack.extentreports.Report.flush(Report.java:182)
at com.aventstack.extentreports.ExtentReports.flush(ExtentReports.java:281)
at euromsgDemoProject.KaydedilenlerTest.sonuc(KaydedilenlerTest.java:75)
at java.base/jdk.internal.reflect.NativeMethodAccessorImpl.invoke0(Native Method)
at java.base/jdk.internal.reflect.NativeMethodAccessorImpl.invoke(NativeMethodAccessorImpl.java:62)
at java.base/jdk.internal.reflect.DelegatingMethodAccessorImpl.invoke(DelegatingMethodAccessorImpl.java:43)
at java.base/java.lang.reflect.Method.invoke(Method.java:566)
at org.testng.internal.MethodInvocationHelper.invokeMethod(MethodInvocationHelper.java:133)
at org.testng.internal.MethodInvocationHelper.invokeMethodConsideringTimeout(MethodInvocationHelper.java:62)
at org.testng.internal.ConfigInvoker.invokeConfigurationMethod(ConfigInvoker.java:385)
at org.testng.internal.ConfigInvoker.invokeConfigurations(ConfigInvoker.java:321)
at org.testng.TestRunner.invokeTestConfigurations(TestRunner.java:637)
at org.testng.TestRunner.afterRun(TestRunner.java:877)
at org.testng.TestRunner.run(TestRunner.java:599)
at org.testng.SuiteRunner.runTest(SuiteRunner.java:377)
at org.testng.SuiteRunner.runSequentially(SuiteRunner.java:371)
at org.testng.SuiteRunner.privateRun(SuiteRunner.java:332)
at org.testng.SuiteRunner.run(SuiteRunner.java:276)
at org.testng.SuiteRunnerWorker.runSuite(SuiteRunnerWorker.java:53)
at org.testng.SuiteRunnerWorker.run(SuiteRunnerWorker.java:96)
at org.testng.TestNG.runSuitesSequentially(TestNG.java:1212)
at org.testng.TestNG.runSuitesLocally(TestNG.java:1134)
at org.testng.TestNG.runSuites(TestNG.java:1063)
at org.testng.TestNG.run(TestNG.java:1031)
at org.testng.remote.AbstractRemoteTestNG.run(AbstractRemoteTestNG.java:115)
at org.testng.remote.RemoteTestNG.initAndRun(RemoteTestNG.java:251)
at org.testng.remote.RemoteTestNG.main(RemoteTestNG.java:77)
]]>
            </full-stacktrace>
          </exception> <!-- java.lang.IllegalStateException -->
          <reporter-output>
          </reporter-output>
        </test-method> <!-- sonuc -->
      </class> <!-- euromsgDemoProject.KaydedilenlerTest -->
    </test> <!-- Default test -->
  </suite> <!-- Default suite -->
</testng-results>
